neuron(101):ERROR:105: Unable to locate a modulefile for 'neuron/develop'
numprocs=1600
NEURON -- VERSION 9.0a-307-gc48d7d5bd+ HEAD (c48d7d5bd+) 2024-07-18
Duke, Yale, and the BlueBrain Project -- Copyright 1984-2022
See http://neuron.yale.edu/neuron/credits

Additional mechanisms from files
 "mod/ALU.mod" "mod/CaDynamics_DC0.mod" "mod/CaDynamics_E2.mod" "mod/Ca_HVA2.mod" "mod/Ca_HVA.mod" "mod/Ca_LVAst.mod" "mod/Ca.mod" "mod/ConductanceSource.mod" "mod/CoreNEURONArtificialCell.mod" "mod/DetAMPANMDA.mod" "mod/DetGABAAB.mod" "mod/gap.mod" "mod/GluSynapse.mod" "mod/Ih.mod" "mod/Im.mod" "mod/KdShu2007.mod" "mod/K_Pst.mod" "mod/K_Tst.mod" "mod/Kv7.mod" "mod/MembraneCurrentSource.mod" "mod/Nap_Et2.mod" "mod/NaTa_t.mod" "mod/NaTg_axon.mod" "mod/NaTg.mod" "mod/NaTg_persistent_axon.mod" "mod/NaTg_persistent_somadend.mod" "mod/NaTg_somadend.mod" "mod/NaTs2_t.mod" "mod/netstim_inhpoisson.mod" "mod/ProbAMPANMDA_EMS.mod" "mod/ProbGABAAB_EMS.mod" "mod/SK_E2.mod" "mod/SKv3_1.mod" "mod/SonataReportHelper.mod" "mod/SonataReports.mod" "mod/StochKv3.mod" "mod/StochKv.mod" "mod/TTXDynamicsSwitch.mod" "mod/vecevent.mod"
[STEP] Initializing Neurodamus... Logfile: pydamus_2024-09-27_11h26.log
[INFO]  => Neurodamus Mod & Hoc lib loaded.
[INFO] Checking for plugins...
[INFO]  => Engines Available: ['Base', 'NGV', 'METype']
[INFO]   : Connections Types: [<ConnectionTypes.NeuroGlial: 'NeuroGlial'>, <ConnectionTypes.GlioVascular: 'GlioVascular'>, None, <ConnectionTypes.Synaptic: 'Synaptic'>, <ConnectionTypes.GapJunction: 'GapJunction'>, <ConnectionTypes.NeuroModulation: 'NeuroModulation'>]
[STEP] Setting up Neurodamus configuration
[INFO] Initializing Simulation Configuration and Validation
[INFO] Valid CoreNeuron input data not found in '/dev/shm/sim-hpc/2543156/gpfs/bbp.cscs.ch/project/proj85/lfp/osCSD/4/reporting/coreneuron_input'. Neurodamus will proceed to model building.
[INFO] Checking simulation requirements
[INFO] Initializing hoc config objects
As of Oct 2020 Neurodamus uses Random123 as default
[INFO] User-defined RNG base seed 268.0
[WARNING] Some node set rules were replaced from /gpfs/bbp.cscs.ch/project/proj83/circuits/Bio_M/20200805-pure-sonata/node_sets.json
[INFO] Memusage (RSS) per node [MB]: Max=5103.32, Min=5101.13, Mean(Stdev)=5102.21(0.89)
[INFO] Memusage (RSS) per task [MB]: Max=132.13, Min=127.47, Mean(Stdev)=127.68(0.70)
[INFO] Checking Connection Configurations
[WARNING] Delayed connection disconnect is not overriding any weight=0 Connection
[WARNING] Delayed connection reconnect is not overriding any weight=0 Connection
[INFO]  => CHECK No Global vars!
[INFO]  => CHECK No Block Overrides!
[INFO]  => CHECK No single Weight=0 blocks!
[STEP] ================ CALCULATING LOAD BALANCE ================
[STEP] Computing Load Balance
[INFO] Activating experimental LB for Sonata circuit 'S1nonbarrel_neurons'
[INFO] Memusage (RSS) per node [MB]: Max=5465.15, Min=5435.14, Mean(Stdev)=5459.06(5.33)
[INFO] Memusage (RSS) per task [MB]: Max=144.65, Min=135.72, Mean(Stdev)=136.48(0.54)
[STEP] ==================== BUILDING CIRCUIT ====================
[WARNING] SonataError for nodeset Layer6Inhibitory from population "POm" : No such attribute: 'mtype', skip
[WARNING] SonataError for nodeset Layer6Inhibitory from population "VPM" : No such attribute: 'mtype', skip
[WARNING] SonataError for nodeset Layer23Inhibitory from population "POm" : No such attribute: 'mtype', skip
[WARNING] SonataError for nodeset Layer23Inhibitory from population "VPM" : No such attribute: 'mtype', skip
[WARNING] SonataError for nodeset Layer4Inhibitory from population "POm" : No such attribute: 'mtype', skip
[WARNING] SonataError for nodeset Layer4Inhibitory from population "VPM" : No such attribute: 'mtype', skip
[WARNING] SonataError for nodeset Layer5Inhibitory from population "POm" : No such attribute: 'mtype', skip
[WARNING] SonataError for nodeset Layer5Inhibitory from population "VPM" : No such attribute: 'mtype', skip
